<?xml version="1.0" encoding="UTF-8"?>
<!-- Generated by org.testng.reporters.JUnitReportReporter -->
<testsuite skipped="0" hostname="Imrans-MacBook-Pro.local" name="mobileAppTest.LoginTestCloud" tests="1" failures="0" timestamp="2020-04-13T18:25:35 MST" time="31.172" errors="0">
  <testcase name="loginTestCloud" time="31.172" classname="mobileAppTest.LoginTestCloud"/>
</testsuite> <!-- mobileAppTest.LoginTestCloud -->
