<?xml version="1.0" encoding="UTF-8"?>
<!-- Generated by org.testng.reporters.JUnitReportReporter -->
<testsuite skipped="0" hostname="Imrans-MacBook-Pro.local" name="mobileAppTest.CheckJenkins" tests="1" failures="0" timestamp="2020-04-13T21:33:15 MST" time="0.005" errors="0">
  <testcase name="jenkinsTest" time="0.005" classname="mobileAppTest.CheckJenkins"/>
</testsuite> <!-- mobileAppTest.CheckJenkins -->
