<?xml version="1.0" encoding="UTF-8"?>
<!-- Generated by org.testng.reporters.JUnitReportReporter -->
<testsuite skipped="0" hostname="Imrans-MacBook-Pro.local" name="mobileAppTest.LoginTestDevice" tests="1" failures="0" timestamp="2020-04-13T17:36:51 MST" time="18.307" errors="0">
  <testcase name="loginTest" time="18.307" classname="mobileAppTest.LoginTestDevice"/>
</testsuite> <!-- mobileAppTest.LoginTestDevice -->
